app/build/outputs/logs/manifest-merger-debug-report.txt
-- Merging decision tree log ---
manifest
ADDED from src/main/AndroidManifest.xml:20:1-224:12
	package
		ADDED from src/main/AndroidManifest.xml:22:5-36
		INJECTED from src/main/AndroidManifest.xml
		INJECTED from src/main/AndroidManifest.xml
	android:versionName
		INJECTED from src/main/AndroidManifest.xml
		INJECTED from src/main/AndroidManifest.xml
	xmlns:android
		ADDED from src/main/AndroidManifest.xml:21:5-63
	android:versionCode
		INJECTED from src/main/AndroidManifest.xml
		INJECTED from src/main/AndroidManifest.xml
permission#com.android.launcher.permission.INSTALL_SHORTCUT
ADDED from src/main/AndroidManifest.xml:24:5-29:67
	android:label
		ADDED from src/main/AndroidManifest.xml:28:9-57
	android:protectionLevel
		ADDED from src/main/AndroidManifest.xml:27:9-44
	android:permissionGroup
		ADDED from src/main/AndroidManifest.xml:26:9-72
	android:description
		ADDED from src/main/AndroidManifest.xml:29:9-64
	android:name
		ADDED from src/main/AndroidManifest.xml:25:9-72
permission#com.android.launcher3.permission.READ_SETTINGS
ADDED from src/main/AndroidManifest.xml:30:5-35:63
	android:label
		ADDED from src/main/AndroidManifest.xml:34:9-54
	android:protectionLevel
		ADDED from src/main/AndroidManifest.xml:33:9-41
	android:permissionGroup
		ADDED from src/main/AndroidManifest.xml:32:9-72
	android:description
		ADDED from src/main/AndroidManifest.xml:35:9-61
	android:name
		ADDED from src/main/AndroidManifest.xml:31:9-70
permission#com.android.launcher3.permission.WRITE_SETTINGS
ADDED from src/main/AndroidManifest.xml:36:5-41:64
	android:label
		ADDED from src/main/AndroidManifest.xml:40:9-55
	android:protectionLevel
		ADDED from src/main/AndroidManifest.xml:39:9-52
	android:permissionGroup
		ADDED from src/main/AndroidManifest.xml:38:9-72
	android:description
		ADDED from src/main/AndroidManifest.xml:41:9-62
	android:name
		ADDED from src/main/AndroidManifest.xml:37:9-71
permission#com.android.launcher3.permission.RECEIVE_LAUNCH_BROADCASTS
ADDED from src/main/AndroidManifest.xml:42:5-45:11
	android:protectionLevel
		ADDED from src/main/AndroidManifest.xml:44:9-44
	android:name
		ADDED from src/main/AndroidManifest.xml:43:9-82
permission#com.android.launcher3.permission.RECEIVE_FIRST_LOAD_BROADCAST
ADDED from src/main/AndroidManifest.xml:46:5-48:55
	android:protectionLevel
		ADDED from src/main/AndroidManifest.xml:48:9-52
	android:name
		ADDED from src/main/AndroidManifest.xml:47:9-85
uses-permission#android.permission.CALL_PHONE
ADDED from src/main/AndroidManifest.xml:50:5-69
	android:name
		ADDED from src/main/AndroidManifest.xml:50:22-66
uses-permission#android.permission.SET_WALLPAPER
ADDED from src/main/AndroidManifest.xml:51:5-72
	android:name
		ADDED from src/main/AndroidManifest.xml:51:22-69
uses-permission#android.permission.SET_WALLPAPER_HINTS
ADDED from src/main/AndroidManifest.xml:52:5-78
	android:name
		ADDED from src/main/AndroidManifest.xml:52:22-75
uses-permission#android.permission.VIBRATE
ADDED from src/main/AndroidManifest.xml:53:5-66
	android:name
		ADDED from src/main/AndroidManifest.xml:53:22-63
uses-permission#android.permission.BIND_APPWIDGET
ADDED from src/main/AndroidManifest.xml:54:5-73
	android:name
		ADDED from src/main/AndroidManifest.xml:54:22-70
uses-permission#android.permission.GET_ACCOUNTS
ADDED from src/main/AndroidManifest.xml:55:5-71
	android:name
		ADDED from src/main/AndroidManifest.xml:55:22-68
uses-permission#android.permission.READ_EXTERNAL_STORAGE
ADDED from src/main/AndroidManifest.xml:56:5-80
	android:name
		ADDED from src/main/AndroidManifest.xml:56:22-77
uses-permission#android.permission.BROADCAST_STICKY
ADDED from src/main/AndroidManifest.xml:57:5-74
	android:name
		ADDED from src/main/AndroidManifest.xml:57:22-72
uses-permission#android.permission.RECEIVE_BOOT_COMPLETED
ADDED from src/main/AndroidManifest.xml:58:5-81
	android:name
		ADDED from src/main/AndroidManifest.xml:58:22-78
uses-permission#com.android.launcher.permission.READ_SETTINGS
ADDED from src/main/AndroidManifest.xml:59:5-85
	android:name
		ADDED from src/main/AndroidManifest.xml:59:22-82
uses-permission#com.android.launcher.permission.WRITE_SETTINGS
ADDED from src/main/AndroidManifest.xml:60:5-86
	android:name
		ADDED from src/main/AndroidManifest.xml:60:22-83
uses-permission#com.android.launcher3.permission.READ_SETTINGS
ADDED from src/main/AndroidManifest.xml:61:5-86
	android:name
		ADDED from src/main/AndroidManifest.xml:61:22-83
uses-permission#com.android.launcher3.permission.WRITE_SETTINGS
ADDED from src/main/AndroidManifest.xml:62:5-87
	android:name
		ADDED from src/main/AndroidManifest.xml:62:22-84
uses-permission#com.android.launcher3.permission.RECEIVE_LAUNCH_BROADCASTS
ADDED from src/main/AndroidManifest.xml:63:5-98
	android:name
		ADDED from src/main/AndroidManifest.xml:63:22-95
uses-permission#com.android.launcher3.permission.RECEIVE_FIRST_LOAD_BROADCAST
ADDED from src/main/AndroidManifest.xml:64:5-101
	android:name
		ADDED from src/main/AndroidManifest.xml:64:22-98
application
ADDED from src/main/AndroidManifest.xml:66:5-223:19
MERGED from [com.android.support:support-v4:23.0.0] AndroidManifest.xml:22:5-20
MERGED from [com.android.support:support-v4:23.0.0] AndroidManifest.xml:22:5-20
MERGED from [launcher3-apus:wallpaper_picker:unspecified] AndroidManifest.xml:11:5-20
	android:backupAgent
		ADDED from src/main/AndroidManifest.xml:68:9-78
	android:label
		ADDED from src/main/AndroidManifest.xml:71:9-41
	android:supportsRtl
		ADDED from src/main/AndroidManifest.xml:74:9-35
	android:hardwareAccelerated
		ADDED from src/main/AndroidManifest.xml:69:9-43
	android:allowBackup
		ADDED from src/main/AndroidManifest.xml:67:9-50
	android:icon
		ADDED from src/main/AndroidManifest.xml:70:9-48
	android:largeHeap
		ADDED from src/main/AndroidManifest.xml:72:9-51
	android:restoreAnyVersion
		ADDED from src/main/AndroidManifest.xml:73:9-41
activity#com.android.launcher3.Launcher
ADDED from src/main/AndroidManifest.xml:76:9-94:20
	android:clearTaskOnLaunch
		ADDED from src/main/AndroidManifest.xml:79:13-45
	android:enabled
		ADDED from src/main/AndroidManifest.xml:86:13-35
	android:screenOrientation
		ADDED from src/main/AndroidManifest.xml:83:13-49
	android:stateNotNeeded
		ADDED from src/main/AndroidManifest.xml:80:13-42
	android:launchMode
		ADDED from src/main/AndroidManifest.xml:78:13-44
	android:windowSoftInputMode
		ADDED from src/main/AndroidManifest.xml:82:13-52
	android:resumeWhilePausing
		ADDED from src/main/AndroidManifest.xml:84:13-46
	android:theme
		ADDED from src/main/AndroidManifest.xml:81:13-41
	android:taskAffinity
		ADDED from src/main/AndroidManifest.xml:85:13-36
	android:name
		ADDED from src/main/AndroidManifest.xml:77:13-58
intent-filter#android.intent.action.MAIN+android.intent.category.DEFAULT+android.intent.category.HOME+android.intent.category.LAUNCHER+android.intent.category.MONKEY
ADDED from src/main/AndroidManifest.xml:87:13-93:29
action#android.intent.action.MAIN
ADDED from src/main/AndroidManifest.xml:88:17-69
	android:name
		ADDED from src/main/AndroidManifest.xml:88:25-66
category#android.intent.category.LAUNCHER
ADDED from src/main/AndroidManifest.xml:89:17-76
	android:name
		ADDED from src/main/AndroidManifest.xml:89:27-74
category#android.intent.category.HOME
ADDED from src/main/AndroidManifest.xml:90:17-73
	android:name
		ADDED from src/main/AndroidManifest.xml:90:27-70
category#android.intent.category.DEFAULT
ADDED from src/main/AndroidManifest.xml:91:17-76
	android:name
		ADDED from src/main/AndroidManifest.xml:91:27-73
category#android.intent.category.MONKEY
ADDED from src/main/AndroidManifest.xml:92:17-74
	android:name
		ADDED from src/main/AndroidManifest.xml:92:27-72
activity#com.android.launcher3.ToggleWeightWatcher
ADDED from src/main/AndroidManifest.xml:117:9-127:20
	android:enabled
		ADDED from src/main/AndroidManifest.xml:120:13-57
	android:label
		ADDED from src/main/AndroidManifest.xml:119:13-58
	android:icon
		ADDED from src/main/AndroidManifest.xml:121:13-52
	android:name
		ADDED from src/main/AndroidManifest.xml:118:13-69
intent-filter#android.intent.action.MAIN+android.intent.category.DEFAULT+android.intent.category.LAUNCHER
ADDED from src/main/AndroidManifest.xml:122:13-126:29
activity#com.android.launcher3.WallpaperPickerActivity
ADDED from src/main/AndroidManifest.xml:129:9-140:20
	android:finishOnCloseSystemDialogs
		ADDED from src/main/AndroidManifest.xml:134:13-54
	android:process
		ADDED from src/main/AndroidManifest.xml:135:13-49
	android:label
		ADDED from src/main/AndroidManifest.xml:132:13-51
	android:icon
		ADDED from src/main/AndroidManifest.xml:133:13-57
	android:theme
		ADDED from src/main/AndroidManifest.xml:131:13-57
	android:name
		ADDED from src/main/AndroidManifest.xml:130:13-73
intent-filter#android.intent.action.SET_WALLPAPER+android.intent.category.DEFAULT
ADDED from src/main/AndroidManifest.xml:136:13-139:29
action#android.intent.action.SET_WALLPAPER
ADDED from src/main/AndroidManifest.xml:137:17-78
	android:name
		ADDED from src/main/AndroidManifest.xml:137:25-75
activity#com.android.launcher3.WallpaperCropActivity
ADDED from src/main/AndroidManifest.xml:142:9-154:20
	android:finishOnCloseSystemDialogs
		ADDED from src/main/AndroidManifest.xml:147:13-54
	android:process
		ADDED from src/main/AndroidManifest.xml:148:13-49
	android:label
		ADDED from src/main/AndroidManifest.xml:145:13-51
	android:icon
		ADDED from src/main/AndroidManifest.xml:146:13-57
	android:theme
		ADDED from src/main/AndroidManifest.xml:144:13-58
	android:name
		ADDED from src/main/AndroidManifest.xml:143:13-71
intent-filter#android.intent.category.DEFAULT+android.service.wallpaper.CROP_AND_SET_WALLPAPER
ADDED from src/main/AndroidManifest.xml:149:13-153:29
action#android.service.wallpaper.CROP_AND_SET_WALLPAPER
ADDED from src/main/AndroidManifest.xml:150:17-91
	android:name
		ADDED from src/main/AndroidManifest.xml:150:25-88
data
ADDED from src/main/AndroidManifest.xml:152:17-52
	android:mimeType
		ADDED from src/main/AndroidManifest.xml:152:23-49
activity#com.android.launcher3.SettingsActivity
ADDED from src/main/AndroidManifest.xml:156:9-161:20
	android:process
		ADDED from src/main/AndroidManifest.xml:160:13-48
	android:label
		ADDED from src/main/AndroidManifest.xml:158:13-57
	android:autoRemoveFromRecents
		ADDED from src/main/AndroidManifest.xml:159:13-49
	android:name
		ADDED from src/main/AndroidManifest.xml:157:13-66
activity#com.android.launcher3.MemoryDumpActivity
ADDED from src/main/AndroidManifest.xml:164:9-177:20
	android:enabled
		ADDED from src/main/AndroidManifest.xml:168:13-57
	android:label
		ADDED from src/main/AndroidManifest.xml:167:13-58
	android:excludeFromRecents
		ADDED from src/main/AndroidManifest.xml:169:13-46
	android:icon
		ADDED from src/main/AndroidManifest.xml:170:13-52
	android:theme
		ADDED from src/main/AndroidManifest.xml:166:13-59
	android:name
		ADDED from src/main/AndroidManifest.xml:165:13-68
service#com.android.launcher3.MemoryTracker
ADDED from src/main/AndroidManifest.xml:179:9-182:19
	android:enabled
		ADDED from src/main/AndroidManifest.xml:180:13-57
	android:name
		ADDED from src/main/AndroidManifest.xml:179:18-68
receiver#com.android.launcher3.WallpaperChangedReceiver
ADDED from src/main/AndroidManifest.xml:184:9-189:20
	android:name
		ADDED from src/main/AndroidManifest.xml:185:13-74
intent-filter#android.intent.action.WALLPAPER_CHANGED
ADDED from src/main/AndroidManifest.xml:186:13-188:29
action#android.intent.action.WALLPAPER_CHANGED
ADDED from src/main/AndroidManifest.xml:187:17-82
	android:name
		ADDED from src/main/AndroidManifest.xml:187:25-79
receiver#com.android.launcher3.InstallShortcutReceiver
ADDED from src/main/AndroidManifest.xml:192:9-198:20
	android:permission
		ADDED from src/main/AndroidManifest.xml:194:13-82
	android:name
		ADDED from src/main/AndroidManifest.xml:193:13-73
intent-filter#com.android.launcher.action.INSTALL_SHORTCUT
ADDED from src/main/AndroidManifest.xml:195:13-197:29
action#com.android.launcher.action.INSTALL_SHORTCUT
ADDED from src/main/AndroidManifest.xml:196:17-87
	android:name
		ADDED from src/main/AndroidManifest.xml:196:25-84
receiver#com.android.launcher3.AppWidgetsRestoredReceiver
ADDED from src/main/AndroidManifest.xml:201:9-205:20
	android:name
		ADDED from src/main/AndroidManifest.xml:201:19-82
intent-filter#android.appwidget.action.APPWIDGET_HOST_RESTORED
ADDED from src/main/AndroidManifest.xml:202:13-204:29
action#android.appwidget.action.APPWIDGET_HOST_RESTORED
ADDED from src/main/AndroidManifest.xml:203:17-90
	android:name
		ADDED from src/main/AndroidManifest.xml:203:25-88
receiver#com.android.launcher3.StartupReceiver
ADDED from src/main/AndroidManifest.xml:207:9-211:20
	android:name
		ADDED from src/main/AndroidManifest.xml:207:19-71
intent-filter#android.intent.action.BOOT_COMPLETED
ADDED from src/main/AndroidManifest.xml:208:13-210:29
action#android.intent.action.BOOT_COMPLETED
ADDED from src/main/AndroidManifest.xml:209:17-79
	android:name
		ADDED from src/main/AndroidManifest.xml:209:25-76
provider#com.android.launcher3.LauncherProvider
ADDED from src/main/AndroidManifest.xml:214:9-219:87
	android:readPermission
		ADDED from src/main/AndroidManifest.xml:219:13-84
	android:authorities
		ADDED from src/main/AndroidManifest.xml:216:13-65
	android:exported
		ADDED from src/main/AndroidManifest.xml:217:13-36
	android:name
		ADDED from src/main/AndroidManifest.xml:215:13-66
	android:writePermission
		ADDED from src/main/AndroidManifest.xml:218:13-86
meta-data#android.nfc.disable_beam_default
ADDED from src/main/AndroidManifest.xml:221:9-222:47
	android:value
		ADDED from src/main/AndroidManifest.xml:222:24-44
	android:name
		ADDED from src/main/AndroidManifest.xml:221:20-67
uses-sdk
INJECTED from src/main/AndroidManifest.xml reason: use-sdk injection requested
MERGED from [com.android.support:support-v4:23.0.0] AndroidManifest.xml:20:5-43
MERGED from [com.android.support:recyclerview-v7:23.0.0] AndroidManifest.xml:20:5-43
MERGED from [com.android.support:support-v4:23.0.0] AndroidManifest.xml:20:5-43
MERGED from [launcher3-apus:wallpaper_picker:unspecified] AndroidManifest.xml:7:5-9:41
	android:targetSdkVersion
		INJECTED from src/main/AndroidManifest.xml
		INJECTED from src/main/AndroidManifest.xml
	android:minSdkVersion
		INJECTED from src/main/AndroidManifest.xml
		INJECTED from src/main/AndroidManifest.xml